This file contains any messages produced by compilers while
running configure, to aid debugging if configure makes a mistake.

It was created by libnbcompat configure noversion, which was
generated by GNU Autoconf 2.52.  Invocation command line was

  $ /home/edguer/Projects/minix-edguer/tools/compat/configure --cache-file=config.cache

## ---------- ##
## Platform.  ##
## ---------- ##

hostname = edguer-Latitude-7400
uname -m = x86_64
uname -r = 5.15.0-56-generic
uname -s = Linux
uname -v = #62~20.04.1-Ubuntu SMP Tue Nov 22 21:24:20 UTC 2022

/usr/bin/uname -p = x86_64
/bin/uname -X     = unknown

/bin/arch              = x86_64
/usr/bin/arch -k       = unknown
/usr/convex/getsysinfo = unknown
hostinfo               = unknown
/bin/machine           = unknown
/usr/bin/oslevel       = unknown
/bin/universe          = unknown

PATH = /home/edguer/.local/bin:/usr/local/sbin:/usr/local/bin:/usr/sbin:/usr/bin:/sbin:/bin:/usr/games:/usr/local/games:/snap/bin:/home/edguer/.dotnet/tools:/home/edguer/.local/bin:/home/edguer/.dotnet:/usr/hla/

## ------------ ##
## Core tests.  ##
## ------------ ##

configure:880: creating cache config.cache
configure:951: PATH=".;."; conftest.sh
/home/edguer/Projects/minix-edguer/tools/compat/configure: 952: conftest.sh: not found
configure:954: $? = 127
configure:1014: checking for gcc
configure:1037: result: cc
configure:1265: checking for C compiler version
configure:1268: cc --version </dev/null >&5
cc (Ubuntu 7.5.0-6ubuntu2) 7.5.0
Copyright (C) 2017 Free Software Foundation, Inc.
This is free software; see the source for copying conditions.  There is NO
warranty; not even for MERCHANTABILITY or FITNESS FOR A PARTICULAR PURPOSE.

configure:1271: $? = 0
configure:1273: cc -v </dev/null >&5
Using built-in specs.
COLLECT_GCC=cc
COLLECT_LTO_WRAPPER=/usr/lib/gcc/x86_64-linux-gnu/7/lto-wrapper
OFFLOAD_TARGET_NAMES=nvptx-none
OFFLOAD_TARGET_DEFAULT=1
Target: x86_64-linux-gnu
Configured with: ../src/configure -v --with-pkgversion='Ubuntu 7.5.0-6ubuntu2' --with-bugurl=file:///usr/share/doc/gcc-7/README.Bugs --enable-languages=c,ada,c++,go,brig,d,fortran,objc,obj-c++ --prefix=/usr --with-gcc-major-version-only --program-suffix=-7 --program-prefix=x86_64-linux-gnu- --enable-shared --enable-linker-build-id --libexecdir=/usr/lib --without-included-gettext --enable-threads=posix --libdir=/usr/lib --enable-nls --enable-bootstrap --enable-clocale=gnu --enable-libstdcxx-debug --enable-libstdcxx-time=yes --with-default-libstdcxx-abi=new --enable-gnu-unique-object --disable-vtable-verify --enable-libmpx --enable-plugin --enable-default-pie --with-system-zlib --with-target-system-zlib --enable-objc-gc=auto --enable-multiarch --disable-werror --with-arch-32=i686 --with-abi=m64 --with-multilib-list=m32,m64,mx32 --enable-multilib --with-tune=generic --enable-offload-targets=nvptx-none --without-cuda-driver --enable-checking=release --build=x86_64-linux-gnu --host=x86_64-linux-gnu --target=x86_64-linux-gnu
Thread model: posix
gcc version 7.5.0 (Ubuntu 7.5.0-6ubuntu2) 
configure:1276: $? = 0
configure:1278: cc -V </dev/null >&5
cc: error: unrecognized command line option '-V'
cc: fatal error: no input files
compilation terminated.
configure:1281: $? = 1
configure:1301: checking for C compiler default output
configure:1304: cc -O   conftest.c  >&5
configure:1307: $? = 0
configure:1336: result: a.out
configure:1341: checking whether the C compiler works
configure:1347: ./a.out
configure:1350: $? = 0
configure:1365: result: yes
configure:1372: checking whether we are cross compiling
configure:1374: result: no
configure:1377: checking for executable suffix
configure:1379: cc -o conftest -O   conftest.c  >&5
configure:1382: $? = 0
configure:1404: result: 
configure:1410: checking for object suffix
configure:1428: cc -c -O  conftest.c >&5
configure:1431: $? = 0
configure:1450: result: o
configure:1454: checking whether we are using the GNU C compiler
configure:1475: cc -c -O  conftest.c >&5
configure:1478: $? = 0
configure:1481: test -s conftest.o
configure:1484: $? = 0
configure:1496: result: yes
configure:1502: checking whether cc accepts -g
configure:1520: cc -c -g  conftest.c >&5
configure:1523: $? = 0
configure:1526: test -s conftest.o
configure:1529: $? = 0
configure:1539: result: yes
configure:1566: cc -c -O  conftest.c >&5
conftest.c:2:3: error: unknown type name 'choke'
   choke me
   ^~~~~
conftest.c:2:3: error: expected '=', ',', ';', 'asm' or '__attribute__' at end of input
configure:1569: $? = 1
configure: failed program was:
#ifndef __cplusplus
  choke me
#endif
configure:1672: checking how to run the C preprocessor
configure:1698: cc -E  conftest.c
configure:1704: $? = 0
configure:1731: cc -E  conftest.c
configure:1728:10: fatal error: ac_nonexistent.h: No such file or directory
 #include "confdefs.h"
          ^~~~~~~~~~~~      
compilation terminated.
configure:1737: $? = 1
configure: failed program was:
#line 1727 "configure"
#include "confdefs.h"
#include <ac_nonexistent.h>
configure:1774: result: cc -E
configure:1789: cc -E  conftest.c
configure:1795: $? = 0
configure:1822: cc -E  conftest.c
configure:1819:10: fatal error: ac_nonexistent.h: No such file or directory
 #include "confdefs.h"
          ^~~~~~~~~~~~      
compilation terminated.
configure:1828: $? = 1
configure: failed program was:
#line 1818 "configure"
#include "confdefs.h"
#include <ac_nonexistent.h>
configure:1867: checking for NetBSD or MINIX3
configure:1895: result: no
configure:1902: checking for sh
configure:1930: result: /usr/bin/sh
configure:1947: checking whether byte ordering is bigendian
configure:1972: cc -c -O  conftest.c >&5
configure:1975: $? = 0
configure:1978: test -s conftest.o
configure:1981: $? = 0
configure:2002: cc -c -O  conftest.c >&5
configure: In function 'main':
configure:1993:2: error: unknown type name 'not'; did you mean 'ino_t'?
 #if BYTE_ORDER != BIG_ENDIAN
  ^~~
  ino_t
configure:1993:10: error: expected '=', ',', ';', 'asm' or '__attribute__' before 'endian'
 #if BYTE_ORDER != BIG_ENDIAN
          ^~~~~~
configure:2005: $? = 1
configure: failed program was:
#line 1985 "configure"
#include "confdefs.h"
#include <sys/types.h>
#include <sys/param.h>

int
main ()
{
#if BYTE_ORDER != BIG_ENDIAN
 not big endian
#endif

  ;
  return 0;
}
configure:2069: result: no
configure:2079: checking for ANSI C header files
configure:2093: cc -E  conftest.c
configure:2099: $? = 0
configure:2186: cc -o conftest -O   conftest.c  >&5
configure: In function 'main':
configure:2178:7: warning: implicit declaration of function 'exit' [-Wimplicit-function-declaration]
   for (i = 0; i < 256; i++)
       ^~~~
configure:2178:7: warning: incompatible implicit declaration of built-in function 'exit'
configure:2178:7: note: include '<stdlib.h>' or provide a declaration of 'exit'
configure:2179:3: warning: incompatible implicit declaration of built-in function 'exit'
     if (XOR (islower (i), ISLOWER (i))
   ^ ~~
configure:2179:3: note: include '<stdlib.h>' or provide a declaration of 'exit'
configure:2189: $? = 0
configure:2191: ./conftest
configure:2194: $? = 0
configure:2207: result: yes
configure:2220: checking for zlib.h
configure:2230: cc -E  conftest.c
configure:2236: $? = 0
configure:2255: result: yes
configure:2265: checking for gzdopen in -lz
configure:2292: cc -o conftest -O   conftest.c -lz   >&5
configure:2295: $? = 0
configure:2298: test -s conftest
configure:2301: $? = 0
configure:2312: result: yes
configure:2338: checking for sys/ioctl.h
configure:2348: cc -E  conftest.c
configure:2354: $? = 0
configure:2373: result: yes
configure:2338: checking for sys/mman.h
configure:2348: cc -E  conftest.c
configure:2354: $? = 0
configure:2373: result: yes
configure:2338: checking for sys/param.h
configure:2348: cc -E  conftest.c
configure:2354: $? = 0
configure:2373: result: yes
configure:2338: checking for sys/socket.h
configure:2348: cc -E  conftest.c
configure:2354: $? = 0
configure:2373: result: yes
configure:2338: checking for sys/stat.h
configure:2348: cc -E  conftest.c
configure:2354: $? = 0
configure:2373: result: yes
configure:2338: checking for sys/time.h
configure:2348: cc -E  conftest.c
configure:2354: $? = 0
configure:2373: result: yes
configure:2338: checking for sys/types.h
configure:2348: cc -E  conftest.c
configure:2354: $? = 0
configure:2373: result: yes
configure:2338: checking for sys/utsname.h
configure:2348: cc -E  conftest.c
configure:2354: $? = 0
configure:2373: result: yes
configure:2338: checking for sys/wait.h
configure:2348: cc -E  conftest.c
configure:2354: $? = 0
configure:2373: result: yes
configure:2338: checking for assert.h
configure:2348: cc -E  conftest.c
configure:2354: $? = 0
configure:2373: result: yes
configure:2338: checking for ctype.h
configure:2348: cc -E  conftest.c
configure:2354: $? = 0
configure:2373: result: yes
configure:2338: checking for errno.h
configure:2348: cc -E  conftest.c
configure:2354: $? = 0
configure:2373: result: yes
configure:2338: checking for fcntl.h
configure:2348: cc -E  conftest.c
configure:2354: $? = 0
configure:2373: result: yes
configure:2338: checking for grp.h
configure:2348: cc -E  conftest.c
configure:2354: $? = 0
configure:2373: result: yes
configure:2338: checking for limits.h
configure:2348: cc -E  conftest.c
configure:2354: $? = 0
configure:2373: result: yes
configure:2338: checking for locale.h
configure:2348: cc -E  conftest.c
configure:2354: $? = 0
configure:2373: result: yes
configure:2338: checking for netdb.h
configure:2348: cc -E  conftest.c
configure:2354: $? = 0
configure:2373: result: yes
configure:2338: checking for pwd.h
configure:2348: cc -E  conftest.c
configure:2354: $? = 0
configure:2373: result: yes
configure:2338: checking for signal.h
configure:2348: cc -E  conftest.c
configure:2354: $? = 0
configure:2373: result: yes
configure:2338: checking for stdarg.h
configure:2348: cc -E  conftest.c
configure:2354: $? = 0
configure:2373: result: yes
configure:2338: checking for stdio.h
configure:2348: cc -E  conftest.c
configure:2354: $? = 0
configure:2373: result: yes
configure:2338: checking for stdlib.h
configure:2348: cc -E  conftest.c
configure:2354: $? = 0
configure:2373: result: yes
configure:2338: checking for string.h
configure:2348: cc -E  conftest.c
configure:2354: $? = 0
configure:2373: result: yes
configure:2338: checking for termios.h
configure:2348: cc -E  conftest.c
configure:2354: $? = 0
configure:2373: result: yes
configure:2338: checking for unistd.h
configure:2348: cc -E  conftest.c
configure:2354: $? = 0
configure:2373: result: yes
configure:2392: checking for dirent.h that defines DIR
configure:2413: cc -c -O  conftest.c >&5
configure:2416: $? = 0
configure:2419: test -s conftest.o
configure:2422: $? = 0
configure:2432: result: yes
configure:2445: checking for opendir in -ldir
configure:2472: cc -o conftest -O   conftest.c -ldir  -lz  >&5
/usr/bin/ld: cannot find -ldir
collect2: error: ld returned 1 exit status
configure:2475: $? = 1
configure: failed program was:
#line 2453 "configure"
#include "confdefs.h"

/* Override any gcc2 internal prototype to avoid an error.  */
#ifdef __cplusplus
extern "C"
#endif
/* We use char because int might match the return type of a gcc2
   builtin and then its argument prototype would still apply.  */
char opendir ();
int
main ()
{
opendir ();
  ;
  return 0;
}
configure:2492: result: no
configure:2558: checking for sys/mtio.h
configure:2568: cc -E  conftest.c
configure:2574: $? = 0
configure:2593: result: yes
configure:2558: checking for sys/sysmacros.h
configure:2568: cc -E  conftest.c
configure:2574: $? = 0
configure:2593: result: yes
configure:2558: checking for sys/syslimits.h
configure:2568: cc -E  conftest.c
configure:2565:10: fatal error: sys/syslimits.h: No such file or directory
 #include "confdefs.h"
          ^~~~~~~~~~~~     
compilation terminated.
configure:2574: $? = 1
configure: failed program was:
#line 2564 "configure"
#include "confdefs.h"
#include <sys/syslimits.h>
configure:2593: result: no
configure:2558: checking for getopt.h
configure:2568: cc -E  conftest.c
configure:2574: $? = 0
configure:2593: result: yes
configure:2558: checking for features.h
configure:2568: cc -E  conftest.c
configure:2574: $? = 0
configure:2593: result: yes
configure:2558: checking for malloc.h
configure:2568: cc -E  conftest.c
configure:2574: $? = 0
configure:2593: result: yes
configure:2558: checking for sys/poll.h
configure:2568: cc -E  conftest.c
configure:2574: $? = 0
configure:2593: result: yes
configure:2558: checking for pthread.h
configure:2568: cc -E  conftest.c
configure:2574: $? = 0
configure:2593: result: yes
configure:2558: checking for stddef.h
configure:2568: cc -E  conftest.c
configure:2574: $? = 0
configure:2593: result: yes
configure:2558: checking for rpc/types.h
configure:2568: cc -E  conftest.c
configure:2574: $? = 0
configure:2593: result: yes
configure:2608: checking for sys/bswap.h
configure:2618: cc -E  conftest.c
configure:2615:10: fatal error: sys/bswap.h: No such file or directory
 #include "confdefs.h"
          ^~~~~~~~~~~~ 
compilation terminated.
configure:2624: $? = 1
configure: failed program was:
#line 2614 "configure"
#include "confdefs.h"
#include <sys/bswap.h>
configure:2643: result: no
configure:2608: checking for machine/bswap.h
configure:2618: cc -E  conftest.c
configure:2615:10: fatal error: machine/bswap.h: No such file or directory
 #include "confdefs.h"
          ^~~~~~~~~~~~     
compilation terminated.
configure:2624: $? = 1
configure: failed program was:
#line 2614 "configure"
#include "confdefs.h"
#include <machine/bswap.h>
configure:2643: result: no
configure:2608: checking for sys/cdefs.h
configure:2618: cc -E  conftest.c
configure:2624: $? = 0
configure:2643: result: yes
configure:2608: checking for machine/endian.h
configure:2618: cc -E  conftest.c
configure:2615:10: fatal error: machine/endian.h: No such file or directory
 #include "confdefs.h"
          ^~~~~~~~~~~~      
compilation terminated.
configure:2624: $? = 1
configure: failed program was:
#line 2614 "configure"
#include "confdefs.h"
#include <machine/endian.h>
configure:2643: result: no
configure:2608: checking for sys/endian.h
configure:2618: cc -E  conftest.c
configure:2615:10: fatal error: sys/endian.h: No such file or directory
 #include "confdefs.h"
          ^~~~~~~~~~~~  
compilation terminated.
configure:2624: $? = 1
configure: failed program was:
#line 2614 "configure"
#include "confdefs.h"
#include <sys/endian.h>
configure:2643: result: no
configure:2608: checking for sys/featuretest.h
configure:2618: cc -E  conftest.c
configure:2615:10: fatal error: sys/featuretest.h: No such file or directory
 #include "confdefs.h"
          ^~~~~~~~~~~~       
compilation terminated.
configure:2624: $? = 1
configure: failed program was:
#line 2614 "configure"
#include "confdefs.h"
#include <sys/featuretest.h>
configure:2643: result: no
configure:2608: checking for err.h
configure:2618: cc -E  conftest.c
configure:2624: $? = 0
configure:2643: result: yes
configure:2608: checking for inttypes.h
configure:2618: cc -E  conftest.c
configure:2624: $? = 0
configure:2643: result: yes
configure:2608: checking for libgen.h
configure:2618: cc -E  conftest.c
configure:2624: $? = 0
configure:2643: result: yes
configure:2608: checking for paths.h
configure:2618: cc -E  conftest.c
configure:2624: $? = 0
configure:2643: result: yes
configure:2608: checking for stdint.h
configure:2618: cc -E  conftest.c
configure:2624: $? = 0
configure:2643: result: yes
configure:2608: checking for util.h
configure:2618: cc -E  conftest.c
configure:2615:10: fatal error: util.h: No such file or directory
 #include "confdefs.h"
          ^~~~~~~~
compilation terminated.
configure:2624: $? = 1
configure: failed program was:
#line 2614 "configure"
#include "confdefs.h"
#include <util.h>
configure:2643: result: no
configure:2608: checking for resolv.h
configure:2618: cc -E  conftest.c
configure:2624: $? = 0
configure:2643: result: yes
configure:2608: checking for arpa/nameser.h
configure:2618: cc -E  conftest.c
configure:2624: $? = 0
configure:2643: result: yes
configure:2658: checking for rpc/types.h
configure:2693: result: yes
configure:2658: checking for netconfig.h
configure:2668: cc -E  conftest.c
configure:2665:10: fatal error: netconfig.h: No such file or directory
 #include "confdefs.h"
          ^~~~~~~~~~~~ 
compilation terminated.
configure:2674: $? = 1
configure: failed program was:
#line 2664 "configure"
#include "confdefs.h"
#include <netconfig.h>
configure:2693: result: no
configure:2719: checking for sys/types.h
configure:2750: result: yes
configure:2719: checking for sys/stat.h
configure:2750: result: yes
configure:2719: checking for stdlib.h
configure:2750: result: yes
configure:2719: checking for string.h
configure:2750: result: yes
configure:2719: checking for memory.h
configure:2731: cc -c -O  conftest.c >&5
configure:2734: $? = 0
configure:2737: test -s conftest.o
configure:2740: $? = 0
configure:2750: result: yes
configure:2719: checking for strings.h
configure:2731: cc -c -O  conftest.c >&5
configure:2734: $? = 0
configure:2737: test -s conftest.o
configure:2740: $? = 0
configure:2750: result: yes
configure:2719: checking for inttypes.h
configure:2750: result: yes
configure:2719: checking for stdint.h
configure:2750: result: yes
configure:2719: checking for unistd.h
configure:2750: result: yes
configure:2760: checking for size_t
configure:2781: cc -c -O  conftest.c >&5
configure:2784: $? = 0
configure:2787: test -s conftest.o
configure:2790: $? = 0
configure:2800: result: yes
configure:2812: checking for id_t
configure:2833: cc -c -O  conftest.c >&5
configure:2836: $? = 0
configure:2839: test -s conftest.o
configure:2842: $? = 0
configure:2852: result: yes
configure:2861: checking for long long
configure:2882: cc -c -O  conftest.c >&5
configure:2885: $? = 0
configure:2888: test -s conftest.o
configure:2891: $? = 0
configure:2901: result: yes
configure:2910: checking for u_long
configure:2931: cc -c -O  conftest.c >&5
configure:2934: $? = 0
configure:2937: test -s conftest.o
configure:2940: $? = 0
configure:2950: result: yes
configure:2959: checking for u_char
configure:2980: cc -c -O  conftest.c >&5
configure:2983: $? = 0
configure:2986: test -s conftest.o
configure:2989: $? = 0
configure:2999: result: yes
configure:3008: checking for u_short
configure:3029: cc -c -O  conftest.c >&5
configure:3032: $? = 0
configure:3035: test -s conftest.o
configure:3038: $? = 0
configure:3048: result: yes
configure:3057: checking for u_int
configure:3078: cc -c -O  conftest.c >&5
configure:3081: $? = 0
configure:3084: test -s conftest.o
configure:3087: $? = 0
configure:3097: result: yes
configure:3106: checking for u_quad_t
configure:3127: cc -c -O  conftest.c >&5
configure:3130: $? = 0
configure:3133: test -s conftest.o
configure:3136: $? = 0
configure:3146: result: yes
configure:3156: checking for socklen_t
configure:3182: cc -c -O  conftest.c >&5
configure:3185: $? = 0
configure:3188: test -s conftest.o
configure:3191: $? = 0
configure:3201: result: yes
configure:3211: checking for uint8_t
configure:3232: cc -c -O  conftest.c >&5
configure:3235: $? = 0
configure:3238: test -s conftest.o
configure:3241: $? = 0
configure:3251: result: yes
configure:3313: checking for u_int8_t
configure:3334: cc -c -O  conftest.c >&5
configure:3337: $? = 0
configure:3340: test -s conftest.o
configure:3343: $? = 0
configure:3353: result: yes
configure:3415: checking for uint16_t
configure:3436: cc -c -O  conftest.c >&5
configure:3439: $? = 0
configure:3442: test -s conftest.o
configure:3445: $? = 0
configure:3455: result: yes
configure:3517: checking for u_int16_t
configure:3538: cc -c -O  conftest.c >&5
configure:3541: $? = 0
configure:3544: test -s conftest.o
configure:3547: $? = 0
configure:3557: result: yes
configure:3619: checking for uint32_t
configure:3640: cc -c -O  conftest.c >&5
configure:3643: $? = 0
configure:3646: test -s conftest.o
configure:3649: $? = 0
configure:3659: result: yes
configure:3721: checking for u_int32_t
configure:3742: cc -c -O  conftest.c >&5
configure:3745: $? = 0
configure:3748: test -s conftest.o
configure:3751: $? = 0
configure:3761: result: yes
configure:3823: checking for uint64_t
configure:3844: cc -c -O  conftest.c >&5
configure:3847: $? = 0
configure:3850: test -s conftest.o
configure:3853: $? = 0
configure:3863: result: yes
configure:3925: checking for u_int64_t
configure:3946: cc -c -O  conftest.c >&5
configure:3949: $? = 0
configure:3952: test -s conftest.o
configure:3955: $? = 0
configure:3965: result: yes
configure:4028: checking for DIR.dd_fd
configure:4050: cc -c -O  conftest.c >&5
configure: In function 'main':
configure:4041:12: error: storage size of 'ac_aggr' isn't known
 {
            ^      
configure:4053: $? = 1
configure: failed program was:
#line 4034 "configure"
#include "confdefs.h"
#include <sys/types.h>
#include <dirent.h>

int
main ()
{
static DIR ac_aggr;
if (ac_aggr.dd_fd)
return 0;
  ;
  return 0;
}
configure:4069: result: no
configure:4078: checking for DIR.__dd_fd
configure:4100: cc -c -O  conftest.c >&5
configure: In function 'main':
configure:4091:12: error: storage size of 'ac_aggr' isn't known
 {
            ^      
configure:4103: $? = 1
configure: failed program was:
#line 4084 "configure"
#include "confdefs.h"
#include <sys/types.h>
#include <dirent.h>

int
main ()
{
static DIR ac_aggr;
if (ac_aggr.__dd_fd)
return 0;
  ;
  return 0;
}
configure:4119: result: no
configure:4128: checking for struct dirent.d_namlen
configure:4150: cc -c -O  conftest.c >&5
configure: In function 'main':
configure:4142:13: error: 'struct dirent' has no member named 'd_namlen'; did you mean 'd_name'?
 static struct dirent ac_aggr;
             ^~~~~~~~
             d_name
configure:4153: $? = 1
configure: failed program was:
#line 4134 "configure"
#include "confdefs.h"
#include <sys/types.h>
#include <dirent.h>

int
main ()
{
static struct dirent ac_aggr;
if (ac_aggr.d_namlen)
return 0;
  ;
  return 0;
}
configure:4169: result: no
configure:4179: checking for struct stat.st_flags
configure:4200: cc -c -O  conftest.c >&5
configure: In function 'main':
configure:4192:13: error: 'struct stat' has no member named 'st_flags'; did you mean 'st_nlink'?
 static struct stat ac_aggr;
             ^~~~~~~~
             st_nlink
configure:4203: $? = 1
configure: failed program was:
#line 4185 "configure"
#include "confdefs.h"
#include <sys/stat.h>

int
main ()
{
static struct stat ac_aggr;
if (ac_aggr.st_flags)
return 0;
  ;
  return 0;
}
configure:4219: result: no
configure:4228: checking for struct stat.st_gen
configure:4249: cc -c -O  conftest.c >&5
configure: In function 'main':
configure:4241:13: error: 'struct stat' has no member named 'st_gen'; did you mean 'st_dev'?
 static struct stat ac_aggr;
             ^~~~~~
             st_dev
configure:4252: $? = 1
configure: failed program was:
#line 4234 "configure"
#include "confdefs.h"
#include <sys/stat.h>

int
main ()
{
static struct stat ac_aggr;
if (ac_aggr.st_gen)
return 0;
  ;
  return 0;
}
configure:4268: result: no
configure:4277: checking for struct stat.st_birthtime
configure:4298: cc -c -O  conftest.c >&5
configure: In function 'main':
configure:4290:13: error: 'struct stat' has no member named 'st_birthtime'; did you mean 'st_blksize'?
 static struct stat ac_aggr;
             ^~~~~~~~~~~~
             st_blksize
configure:4301: $? = 1
configure: failed program was:
#line 4283 "configure"
#include "confdefs.h"
#include <sys/stat.h>

int
main ()
{
static struct stat ac_aggr;
if (ac_aggr.st_birthtime)
return 0;
  ;
  return 0;
}
configure:4317: result: no
configure:4326: checking for struct stat.st_birthtimensec
configure:4347: cc -c -O  conftest.c >&5
configure: In function 'main':
configure:4339:12: error: 'struct stat' has no member named 'st_birthtimensec'
 static struct stat ac_aggr;
            ^
configure:4350: $? = 1
configure: failed program was:
#line 4332 "configure"
#include "confdefs.h"
#include <sys/stat.h>

int
main ()
{
static struct stat ac_aggr;
if (ac_aggr.st_birthtimensec)
return 0;
  ;
  return 0;
}
configure:4366: result: no
configure:4375: checking for struct stat.st_atim
configure:4396: cc -c -O  conftest.c >&5
configure: In function 'main':
configure:4388:5: error: used struct type value where scalar is required
 static struct stat ac_aggr;
     ^~~~~~~
configure:4399: $? = 1
configure: failed program was:
#line 4381 "configure"
#include "confdefs.h"
#include <sys/stat.h>

int
main ()
{
static struct stat ac_aggr;
if (ac_aggr.st_atim)
return 0;
  ;
  return 0;
}
configure:4415: result: no
configure:4424: checking for struct stat.st_mtimensec
configure:4445: cc -c -O  conftest.c >&5
configure: In function 'main':
configure:4437:13: error: 'struct stat' has no member named 'st_mtimensec'; did you mean 'st_mtim'?
 static struct stat ac_aggr;
             ^~~~~~~~~~~~
             st_mtim
configure:4448: $? = 1
configure: failed program was:
#line 4430 "configure"
#include "confdefs.h"
#include <sys/stat.h>

int
main ()
{
static struct stat ac_aggr;
if (ac_aggr.st_mtimensec)
return 0;
  ;
  return 0;
}
configure:4464: result: no
configure:4474: checking for struct statvfs.f_iosize
configure:4495: cc -c -O  conftest.c >&5
configure: In function 'main':
configure:4487:13: error: 'struct statvfs' has no member named 'f_iosize'; did you mean 'f_bsize'?
 static struct statvfs ac_aggr;
             ^~~~~~~~
             f_bsize
configure:4498: $? = 1
configure: failed program was:
#line 4480 "configure"
#include "confdefs.h"
#include <sys/statvfs.h>

int
main ()
{
static struct statvfs ac_aggr;
if (ac_aggr.f_iosize)
return 0;
  ;
  return 0;
}
configure:4514: result: no
configure:4524: checking for struct tm.tm_gmtoff
configure:4545: cc -c -O  conftest.c >&5
configure:4548: $? = 0
configure:4551: test -s conftest.o
configure:4554: $? = 0
configure:4564: result: yes
configure:4575: checking whether optind is declared
configure:4603: cc -c -O  conftest.c >&5
configure: In function 'main':
configure:4594:13: warning: cast to pointer from integer of different size [-Wint-to-pointer-cast]
 #ifndef optind
             ^
configure:4606: $? = 0
configure:4609: test -s conftest.o
configure:4612: $? = 0
configure:4622: result: yes
configure:4636: checking whether optreset is declared
configure:4664: cc -c -O  conftest.c >&5
configure: In function 'main':
configure:4655:22: error: 'optreset' undeclared (first use in this function); did you mean 'optopt'?
 #ifndef optreset
                      ^       
                      optopt
configure:4655:22: note: each undeclared identifier is reported only once for each function it appears in
configure:4667: $? = 1
configure: failed program was:
#line 4642 "configure"
#include "confdefs.h"

#include <stdio.h>
#include <stdlib.h>
#include <unistd.h>
#ifdef HAVE_GETOPT_H
#include <getopt.h>
#endif

int
main ()
{
#ifndef optreset
  char *p = (char *) optreset;
#endif

  ;
  return 0;
}
configure:4683: result: no
configure:4698: checking whether sys_signame is declared
configure:4720: cc -c -O  conftest.c >&5
configure: In function 'main':
configure:4711:22: error: 'sys_signame' undeclared (first use in this function); did you mean 'sys_siglist'?
 #ifndef sys_signame
                      ^          
                      sys_siglist
configure:4711:22: note: each undeclared identifier is reported only once for each function it appears in
configure:4723: $? = 1
configure: failed program was:
#line 4704 "configure"
#include "confdefs.h"
#include <signal.h>

int
main ()
{
#ifndef sys_signame
  char *p = (char *) sys_signame;
#endif

  ;
  return 0;
}
configure:4739: result: no
configure:4757: checking for working alloca.h
configure:4775: cc -o conftest -O   conftest.c -lz  >&5
configure:4778: $? = 0
configure:4781: test -s conftest
configure:4784: $? = 0
configure:4794: result: yes
configure:4804: checking for alloca
configure:4842: cc -o conftest -O   conftest.c -lz  >&5
configure:4845: $? = 0
configure:4848: test -s conftest
configure:4851: $? = 0
configure:4861: result: yes
configure:5054: checking for atoll
configure:5091: cc -o conftest -O   conftest.c -lz  >&5
configure:5094: $? = 0
configure:5097: test -s conftest
configure:5100: $? = 0
configure:5110: result: yes
configure:5054: checking for asprintf
configure:5091: cc -o conftest -O   conftest.c -lz  >&5
configure:5094: $? = 0
configure:5097: test -s conftest
configure:5100: $? = 0
configure:5110: result: yes
configure:5054: checking for asnprintf
configure:5091: cc -o conftest -O   conftest.c -lz  >&5
/usr/bin/ld: /tmp/ccG0OZX3.o: in function `main':
conftest.c:(.text+0x3): undefined reference to `asnprintf'
collect2: error: ld returned 1 exit status
configure:5094: $? = 1
configure: failed program was:
#line 5060 "configure"
#include "confdefs.h"
/* System header to define __stub macros and hopefully few prototypes,
    which can conflict with char asnprintf (); below.  */
#include <assert.h>
/* Override any gcc2 internal prototype to avoid an error.  */
#ifdef __cplusplus
extern "C"
#endif
/* We use char because int might match the return type of a gcc2
   builtin and then its argument prototype would still apply.  */
char asnprintf ();
char (*f) ();

int
main ()
{
/* The GNU C library defines this for functions which it implements
    to always fail with ENOSYS.  Some functions are actually named
    something starting with __ and the normal name is an alias.  */
#if defined (__stub_asnprintf) || defined (__stub___asnprintf)
choke me
#else
f = asnprintf;
#endif

  ;
  return 0;
}
configure:5110: result: no
configure:5054: checking for basename
configure:5091: cc -o conftest -O   conftest.c -lz  >&5
configure:5094: $? = 0
configure:5097: test -s conftest
configure:5100: $? = 0
configure:5110: result: yes
configure:5054: checking for devname
configure:5091: cc -o conftest -O   conftest.c -lz  >&5
/usr/bin/ld: /tmp/ccywl4og.o: in function `main':
conftest.c:(.text+0x3): undefined reference to `devname'
collect2: error: ld returned 1 exit status
configure:5094: $? = 1
configure: failed program was:
#line 5060 "configure"
#include "confdefs.h"
/* System header to define __stub macros and hopefully few prototypes,
    which can conflict with char devname (); below.  */
#include <assert.h>
/* Override any gcc2 internal prototype to avoid an error.  */
#ifdef __cplusplus
extern "C"
#endif
/* We use char because int might match the return type of a gcc2
   builtin and then its argument prototype would still apply.  */
char devname ();
char (*f) ();

int
main ()
{
/* The GNU C library defines this for functions which it implements
    to always fail with ENOSYS.  Some functions are actually named
    something starting with __ and the normal name is an alias.  */
#if defined (__stub_devname) || defined (__stub___devname)
choke me
#else
f = devname;
#endif

  ;
  return 0;
}
configure:5110: result: no
configure:5054: checking for dirfd
configure:5091: cc -o conftest -O   conftest.c -lz  >&5
configure:5094: $? = 0
configure:5097: test -s conftest
configure:5100: $? = 0
configure:5110: result: yes
configure:5054: checking for dirname
configure:5091: cc -o conftest -O   conftest.c -lz  >&5
configure:5094: $? = 0
configure:5097: test -s conftest
configure:5100: $? = 0
configure:5110: result: yes
configure:5054: checking for dprintf
configure:5091: cc -o conftest -O   conftest.c -lz  >&5
configure:5094: $? = 0
configure:5097: test -s conftest
configure:5100: $? = 0
configure:5110: result: yes
configure:5054: checking for esetfunc
configure:5091: cc -o conftest -O   conftest.c -lz  >&5
/usr/bin/ld: /tmp/ccPZH6p2.o: in function `main':
conftest.c:(.text+0x3): undefined reference to `esetfunc'
collect2: error: ld returned 1 exit status
configure:5094: $? = 1
configure: failed program was:
#line 5060 "configure"
#include "confdefs.h"
/* System header to define __stub macros and hopefully few prototypes,
    which can conflict with char esetfunc (); below.  */
#include <assert.h>
/* Override any gcc2 internal prototype to avoid an error.  */
#ifdef __cplusplus
extern "C"
#endif
/* We use char because int might match the return type of a gcc2
   builtin and then its argument prototype would still apply.  */
char esetfunc ();
char (*f) ();

int
main ()
{
/* The GNU C library defines this for functions which it implements
    to always fail with ENOSYS.  Some functions are actually named
    something starting with __ and the normal name is an alias.  */
#if defined (__stub_esetfunc) || defined (__stub___esetfunc)
choke me
#else
f = esetfunc;
#endif

  ;
  return 0;
}
configure:5110: result: no
configure:5054: checking for fgetln
configure:5091: cc -o conftest -O   conftest.c -lz  >&5
/usr/bin/ld: /tmp/cckoGS0o.o: in function `main':
conftest.c:(.text+0x3): undefined reference to `fgetln'
collect2: error: ld returned 1 exit status
configure:5094: $? = 1
configure: failed program was:
#line 5060 "configure"
#include "confdefs.h"
/* System header to define __stub macros and hopefully few prototypes,
    which can conflict with char fgetln (); below.  */
#include <assert.h>
/* Override any gcc2 internal prototype to avoid an error.  */
#ifdef __cplusplus
extern "C"
#endif
/* We use char because int might match the return type of a gcc2
   builtin and then its argument prototype would still apply.  */
char fgetln ();
char (*f) ();

int
main ()
{
/* The GNU C library defines this for functions which it implements
    to always fail with ENOSYS.  Some functions are actually named
    something starting with __ and the normal name is an alias.  */
#if defined (__stub_fgetln) || defined (__stub___fgetln)
choke me
#else
f = fgetln;
#endif

  ;
  return 0;
}
configure:5110: result: no
configure:5054: checking for flock
configure:5091: cc -o conftest -O   conftest.c -lz  >&5
configure:5094: $? = 0
configure:5097: test -s conftest
configure:5100: $? = 0
configure:5110: result: yes
configure:5054: checking for fpurge
configure:5091: cc -o conftest -O   conftest.c -lz  >&5
/usr/bin/ld: /tmp/ccb2NzrJ.o: in function `main':
conftest.c:(.text+0x3): undefined reference to `fpurge'
collect2: error: ld returned 1 exit status
configure:5094: $? = 1
configure: failed program was:
#line 5060 "configure"
#include "confdefs.h"
/* System header to define __stub macros and hopefully few prototypes,
    which can conflict with char fpurge (); below.  */
#include <assert.h>
/* Override any gcc2 internal prototype to avoid an error.  */
#ifdef __cplusplus
extern "C"
#endif
/* We use char because int might match the return type of a gcc2
   builtin and then its argument prototype would still apply.  */
char fpurge ();
char (*f) ();

int
main ()
{
/* The GNU C library defines this for functions which it implements
    to always fail with ENOSYS.  Some functions are actually named
    something starting with __ and the normal name is an alias.  */
#if defined (__stub_fpurge) || defined (__stub___fpurge)
choke me
#else
f = fpurge;
#endif

  ;
  return 0;
}
configure:5110: result: no
configure:5054: checking for __fpurge
configure:5091: cc -o conftest -O   conftest.c -lz  >&5
configure:5094: $? = 0
configure:5097: test -s conftest
configure:5100: $? = 0
configure:5110: result: yes
configure:5054: checking for futimes
configure:5091: cc -o conftest -O   conftest.c -lz  >&5
configure:5094: $? = 0
configure:5097: test -s conftest
configure:5100: $? = 0
configure:5110: result: yes
configure:5054: checking for getline
configure:5091: cc -o conftest -O   conftest.c -lz  >&5
configure:5094: $? = 0
configure:5097: test -s conftest
configure:5100: $? = 0
configure:5110: result: yes
configure:5054: checking for getopt
configure:5091: cc -o conftest -O   conftest.c -lz  >&5
configure:5094: $? = 0
configure:5097: test -s conftest
configure:5100: $? = 0
configure:5110: result: yes
configure:5054: checking for getopt_long
configure:5091: cc -o conftest -O   conftest.c -lz  >&5
configure:5094: $? = 0
configure:5097: test -s conftest
configure:5100: $? = 0
configure:5110: result: yes
configure:5054: checking for group_from_gid
configure:5091: cc -o conftest -O   conftest.c -lz  >&5
/usr/bin/ld: /tmp/ccB0fKFu.o: in function `main':
conftest.c:(.text+0x3): undefined reference to `group_from_gid'
collect2: error: ld returned 1 exit status
configure:5094: $? = 1
configure: failed program was:
#line 5060 "configure"
#include "confdefs.h"
/* System header to define __stub macros and hopefully few prototypes,
    which can conflict with char group_from_gid (); below.  */
#include <assert.h>
/* Override any gcc2 internal prototype to avoid an error.  */
#ifdef __cplusplus
extern "C"
#endif
/* We use char because int might match the return type of a gcc2
   builtin and then its argument prototype would still apply.  */
char group_from_gid ();
char (*f) ();

int
main ()
{
/* The GNU C library defines this for functions which it implements
    to always fail with ENOSYS.  Some functions are actually named
    something starting with __ and the normal name is an alias.  */
#if defined (__stub_group_from_gid) || defined (__stub___group_from_gid)
choke me
#else
f = group_from_gid;
#endif

  ;
  return 0;
}
configure:5110: result: no
configure:5054: checking for gid_from_group
configure:5091: cc -o conftest -O   conftest.c -lz  >&5
/usr/bin/ld: /tmp/ccuOLTdU.o: in function `main':
conftest.c:(.text+0x3): undefined reference to `gid_from_group'
collect2: error: ld returned 1 exit status
configure:5094: $? = 1
configure: failed program was:
#line 5060 "configure"
#include "confdefs.h"
/* System header to define __stub macros and hopefully few prototypes,
    which can conflict with char gid_from_group (); below.  */
#include <assert.h>
/* Override any gcc2 internal prototype to avoid an error.  */
#ifdef __cplusplus
extern "C"
#endif
/* We use char because int might match the return type of a gcc2
   builtin and then its argument prototype would still apply.  */
char gid_from_group ();
char (*f) ();

int
main ()
{
/* The GNU C library defines this for functions which it implements
    to always fail with ENOSYS.  Some functions are actually named
    something starting with __ and the normal name is an alias.  */
#if defined (__stub_gid_from_group) || defined (__stub___gid_from_group)
choke me
#else
f = gid_from_group;
#endif

  ;
  return 0;
}
configure:5110: result: no
configure:5054: checking for heapsort
configure:5091: cc -o conftest -O   conftest.c -lz  >&5
/usr/bin/ld: /tmp/ccgQuPif.o: in function `main':
conftest.c:(.text+0x3): undefined reference to `heapsort'
collect2: error: ld returned 1 exit status
configure:5094: $? = 1
configure: failed program was:
#line 5060 "configure"
#include "confdefs.h"
/* System header to define __stub macros and hopefully few prototypes,
    which can conflict with char heapsort (); below.  */
#include <assert.h>
/* Override any gcc2 internal prototype to avoid an error.  */
#ifdef __cplusplus
extern "C"
#endif
/* We use char because int might match the return type of a gcc2
   builtin and then its argument prototype would still apply.  */
char heapsort ();
char (*f) ();

int
main ()
{
/* The GNU C library defines this for functions which it implements
    to always fail with ENOSYS.  Some functions are actually named
    something starting with __ and the normal name is an alias.  */
#if defined (__stub_heapsort) || defined (__stub___heapsort)
choke me
#else
f = heapsort;
#endif

  ;
  return 0;
}
configure:5110: result: no
configure:5054: checking for isblank
configure:5091: cc -o conftest -O   conftest.c -lz  >&5
configure:5070:6: warning: conflicting types for built-in function 'isblank' [-Wbuiltin-declaration-mismatch]
    builtin and then its argument prototype would still apply.  */
      ^~~~~~~
configure:5094: $? = 0
configure:5097: test -s conftest
configure:5100: $? = 0
configure:5110: result: yes
configure:5054: checking for issetugid
configure:5091: cc -o conftest -O   conftest.c -lz  >&5
/usr/bin/ld: /tmp/cccFb4Sp.o: in function `main':
conftest.c:(.text+0x3): undefined reference to `issetugid'
collect2: error: ld returned 1 exit status
configure:5094: $? = 1
configure: failed program was:
#line 5060 "configure"
#include "confdefs.h"
/* System header to define __stub macros and hopefully few prototypes,
    which can conflict with char issetugid (); below.  */
#include <assert.h>
/* Override any gcc2 internal prototype to avoid an error.  */
#ifdef __cplusplus
extern "C"
#endif
/* We use char because int might match the return type of a gcc2
   builtin and then its argument prototype would still apply.  */
char issetugid ();
char (*f) ();

int
main ()
{
/* The GNU C library defines this for functions which it implements
    to always fail with ENOSYS.  Some functions are actually named
    something starting with __ and the normal name is an alias.  */
#if defined (__stub_issetugid) || defined (__stub___issetugid)
choke me
#else
f = issetugid;
#endif

  ;
  return 0;
}
configure:5110: result: no
configure:5054: checking for lchflags
configure:5091: cc -o conftest -O   conftest.c -lz  >&5
/usr/bin/ld: /tmp/ccYXeFkN.o: in function `main':
conftest.c:(.text+0x3): undefined reference to `lchflags'
collect2: error: ld returned 1 exit status
configure:5094: $? = 1
configure: failed program was:
#line 5060 "configure"
#include "confdefs.h"
/* System header to define __stub macros and hopefully few prototypes,
    which can conflict with char lchflags (); below.  */
#include <assert.h>
/* Override any gcc2 internal prototype to avoid an error.  */
#ifdef __cplusplus
extern "C"
#endif
/* We use char because int might match the return type of a gcc2
   builtin and then its argument prototype would still apply.  */
char lchflags ();
char (*f) ();

int
main ()
{
/* The GNU C library defines this for functions which it implements
    to always fail with ENOSYS.  Some functions are actually named
    something starting with __ and the normal name is an alias.  */
#if defined (__stub_lchflags) || defined (__stub___lchflags)
choke me
#else
f = lchflags;
#endif

  ;
  return 0;
}
configure:5110: result: no
configure:5054: checking for lchmod
configure:5091: cc -o conftest -O   conftest.c -lz  >&5
configure: In function 'main':
configure:5080:1: error: unknown type name 'choke'
 #if defined (__stub_$ac_func) || defined (__stub___$ac_func)
 ^~~~~
configure:5094: $? = 1
configure: failed program was:
#line 5060 "configure"
#include "confdefs.h"
/* System header to define __stub macros and hopefully few prototypes,
    which can conflict with char lchmod (); below.  */
#include <assert.h>
/* Override any gcc2 internal prototype to avoid an error.  */
#ifdef __cplusplus
extern "C"
#endif
/* We use char because int might match the return type of a gcc2
   builtin and then its argument prototype would still apply.  */
char lchmod ();
char (*f) ();

int
main ()
{
/* The GNU C library defines this for functions which it implements
    to always fail with ENOSYS.  Some functions are actually named
    something starting with __ and the normal name is an alias.  */
#if defined (__stub_lchmod) || defined (__stub___lchmod)
choke me
#else
f = lchmod;
#endif

  ;
  return 0;
}
configure:5110: result: no
configure:5054: checking for lchown
configure:5091: cc -o conftest -O   conftest.c -lz  >&5
configure:5094: $? = 0
configure:5097: test -s conftest
configure:5100: $? = 0
configure:5110: result: yes
configure:5054: checking for lutimes
configure:5091: cc -o conftest -O   conftest.c -lz  >&5
configure:5094: $? = 0
configure:5097: test -s conftest
configure:5100: $? = 0
configure:5110: result: yes
configure:5054: checking for mkstemp
configure:5091: cc -o conftest -O   conftest.c -lz  >&5
configure:5094: $? = 0
configure:5097: test -s conftest
configure:5100: $? = 0
configure:5110: result: yes
configure:5054: checking for mkdtemp
configure:5091: cc -o conftest -O   conftest.c -lz  >&5
configure:5094: $? = 0
configure:5097: test -s conftest
configure:5100: $? = 0
configure:5110: result: yes
configure:5054: checking for poll
configure:5091: cc -o conftest -O   conftest.c -lz  >&5
configure:5094: $? = 0
configure:5097: test -s conftest
configure:5100: $? = 0
configure:5110: result: yes
configure:5054: checking for pread
configure:5091: cc -o conftest -O   conftest.c -lz  >&5
configure:5094: $? = 0
configure:5097: test -s conftest
configure:5100: $? = 0
configure:5110: result: yes
configure:5054: checking for putc_unlocked
configure:5091: cc -o conftest -O   conftest.c -lz  >&5
configure:5070:6: warning: conflicting types for built-in function 'putc_unlocked' [-Wbuiltin-declaration-mismatch]
    builtin and then its argument prototype would still apply.  */
      ^~~~~~~~~~~~~
configure:5094: $? = 0
configure:5097: test -s conftest
configure:5100: $? = 0
configure:5110: result: yes
configure:5054: checking for pwcache_userdb
configure:5091: cc -o conftest -O   conftest.c -lz  >&5
/usr/bin/ld: /tmp/ccIvbS1g.o: in function `main':
conftest.c:(.text+0x3): undefined reference to `pwcache_userdb'
collect2: error: ld returned 1 exit status
configure:5094: $? = 1
configure: failed program was:
#line 5060 "configure"
#include "confdefs.h"
/* System header to define __stub macros and hopefully few prototypes,
    which can conflict with char pwcache_userdb (); below.  */
#include <assert.h>
/* Override any gcc2 internal prototype to avoid an error.  */
#ifdef __cplusplus
extern "C"
#endif
/* We use char because int might match the return type of a gcc2
   builtin and then its argument prototype would still apply.  */
char pwcache_userdb ();
char (*f) ();

int
main ()
{
/* The GNU C library defines this for functions which it implements
    to always fail with ENOSYS.  Some functions are actually named
    something starting with __ and the normal name is an alias.  */
#if defined (__stub_pwcache_userdb) || defined (__stub___pwcache_userdb)
choke me
#else
f = pwcache_userdb;
#endif

  ;
  return 0;
}
configure:5110: result: no
configure:5054: checking for pwcache_groupdb
configure:5091: cc -o conftest -O   conftest.c -lz  >&5
/usr/bin/ld: /tmp/ccYMYdSE.o: in function `main':
conftest.c:(.text+0x3): undefined reference to `pwcache_groupdb'
collect2: error: ld returned 1 exit status
configure:5094: $? = 1
configure: failed program was:
#line 5060 "configure"
#include "confdefs.h"
/* System header to define __stub macros and hopefully few prototypes,
    which can conflict with char pwcache_groupdb (); below.  */
#include <assert.h>
/* Override any gcc2 internal prototype to avoid an error.  */
#ifdef __cplusplus
extern "C"
#endif
/* We use char because int might match the return type of a gcc2
   builtin and then its argument prototype would still apply.  */
char pwcache_groupdb ();
char (*f) ();

int
main ()
{
/* The GNU C library defines this for functions which it implements
    to always fail with ENOSYS.  Some functions are actually named
    something starting with __ and the normal name is an alias.  */
#if defined (__stub_pwcache_groupdb) || defined (__stub___pwcache_groupdb)
choke me
#else
f = pwcache_groupdb;
#endif

  ;
  return 0;
}
configure:5110: result: no
configure:5054: checking for pwrite
configure:5091: cc -o conftest -O   conftest.c -lz  >&5
configure:5094: $? = 0
configure:5097: test -s conftest
configure:5100: $? = 0
configure:5110: result: yes
configure:5054: checking for raise_default_signal
configure:5091: cc -o conftest -O   conftest.c -lz  >&5
/usr/bin/ld: /tmp/ccMB9OHR.o: in function `main':
conftest.c:(.text+0x3): undefined reference to `raise_default_signal'
collect2: error: ld returned 1 exit status
configure:5094: $? = 1
configure: failed program was:
#line 5060 "configure"
#include "confdefs.h"
/* System header to define __stub macros and hopefully few prototypes,
    which can conflict with char raise_default_signal (); below.  */
#include <assert.h>
/* Override any gcc2 internal prototype to avoid an error.  */
#ifdef __cplusplus
extern "C"
#endif
/* We use char because int might match the return type of a gcc2
   builtin and then its argument prototype would still apply.  */
char raise_default_signal ();
char (*f) ();

int
main ()
{
/* The GNU C library defines this for functions which it implements
    to always fail with ENOSYS.  Some functions are actually named
    something starting with __ and the normal name is an alias.  */
#if defined (__stub_raise_default_signal) || defined (__stub___raise_default_signal)
choke me
#else
f = raise_default_signal;
#endif

  ;
  return 0;
}
configure:5110: result: no
configure:5054: checking for random
configure:5091: cc -o conftest -O   conftest.c -lz  >&5
configure:5094: $? = 0
configure:5097: test -s conftest
configure:5100: $? = 0
configure:5110: result: yes
configure:5054: checking for reallocarr
configure:5091: cc -o conftest -O   conftest.c -lz  >&5
/usr/bin/ld: /tmp/cch6IPl2.o: in function `main':
conftest.c:(.text+0x3): undefined reference to `reallocarr'
collect2: error: ld returned 1 exit status
configure:5094: $? = 1
configure: failed program was:
#line 5060 "configure"
#include "confdefs.h"
/* System header to define __stub macros and hopefully few prototypes,
    which can conflict with char reallocarr (); below.  */
#include <assert.h>
/* Override any gcc2 internal prototype to avoid an error.  */
#ifdef __cplusplus
extern "C"
#endif
/* We use char because int might match the return type of a gcc2
   builtin and then its argument prototype would still apply.  */
char reallocarr ();
char (*f) ();

int
main ()
{
/* The GNU C library defines this for functions which it implements
    to always fail with ENOSYS.  Some functions are actually named
    something starting with __ and the normal name is an alias.  */
#if defined (__stub_reallocarr) || defined (__stub___reallocarr)
choke me
#else
f = reallocarr;
#endif

  ;
  return 0;
}
configure:5110: result: no
configure:5054: checking for setenv
configure:5091: cc -o conftest -O   conftest.c -lz  >&5
configure:5094: $? = 0
configure:5097: test -s conftest
configure:5100: $? = 0
configure:5110: result: yes
configure:5054: checking for setgroupent
configure:5091: cc -o conftest -O   conftest.c -lz  >&5
/usr/bin/ld: /tmp/ccppc3td.o: in function `main':
conftest.c:(.text+0x3): undefined reference to `setgroupent'
collect2: error: ld returned 1 exit status
configure:5094: $? = 1
configure: failed program was:
#line 5060 "configure"
#include "confdefs.h"
/* System header to define __stub macros and hopefully few prototypes,
    which can conflict with char setgroupent (); below.  */
#include <assert.h>
/* Override any gcc2 internal prototype to avoid an error.  */
#ifdef __cplusplus
extern "C"
#endif
/* We use char because int might match the return type of a gcc2
   builtin and then its argument prototype would still apply.  */
char setgroupent ();
char (*f) ();

int
main ()
{
/* The GNU C library defines this for functions which it implements
    to always fail with ENOSYS.  Some functions are actually named
    something starting with __ and the normal name is an alias.  */
#if defined (__stub_setgroupent) || defined (__stub___setgroupent)
choke me
#else
f = setgroupent;
#endif

  ;
  return 0;
}
configure:5110: result: no
configure:5054: checking for setprogname
configure:5091: cc -o conftest -O   conftest.c -lz  >&5
/usr/bin/ld: /tmp/cc5At95w.o: in function `main':
conftest.c:(.text+0x3): undefined reference to `setprogname'
collect2: error: ld returned 1 exit status
configure:5094: $? = 1
configure: failed program was:
#line 5060 "configure"
#include "confdefs.h"
/* System header to define __stub macros and hopefully few prototypes,
    which can conflict with char setprogname (); below.  */
#include <assert.h>
/* Override any gcc2 internal prototype to avoid an error.  */
#ifdef __cplusplus
extern "C"
#endif
/* We use char because int might match the return type of a gcc2
   builtin and then its argument prototype would still apply.  */
char setprogname ();
char (*f) ();

int
main ()
{
/* The GNU C library defines this for functions which it implements
    to always fail with ENOSYS.  Some functions are actually named
    something starting with __ and the normal name is an alias.  */
#if defined (__stub_setprogname) || defined (__stub___setprogname)
choke me
#else
f = setprogname;
#endif

  ;
  return 0;
}
configure:5110: result: no
configure:5054: checking for setpassent
configure:5091: cc -o conftest -O   conftest.c -lz  >&5
/usr/bin/ld: /tmp/ccCKxmhV.o: in function `main':
conftest.c:(.text+0x3): undefined reference to `setpassent'
collect2: error: ld returned 1 exit status
configure:5094: $? = 1
configure: failed program was:
#line 5060 "configure"
#include "confdefs.h"
/* System header to define __stub macros and hopefully few prototypes,
    which can conflict with char setpassent (); below.  */
#include <assert.h>
/* Override any gcc2 internal prototype to avoid an error.  */
#ifdef __cplusplus
extern "C"
#endif
/* We use char because int might match the return type of a gcc2
   builtin and then its argument prototype would still apply.  */
char setpassent ();
char (*f) ();

int
main ()
{
/* The GNU C library defines this for functions which it implements
    to always fail with ENOSYS.  Some functions are actually named
    something starting with __ and the normal name is an alias.  */
#if defined (__stub_setpassent) || defined (__stub___setpassent)
choke me
#else
f = setpassent;
#endif

  ;
  return 0;
}
configure:5110: result: no
configure:5054: checking for snprintb_m
configure:5091: cc -o conftest -O   conftest.c -lz  >&5
/usr/bin/ld: /tmp/ccVSHNVf.o: in function `main':
conftest.c:(.text+0x3): undefined reference to `snprintb_m'
collect2: error: ld returned 1 exit status
configure:5094: $? = 1
configure: failed program was:
#line 5060 "configure"
#include "confdefs.h"
/* System header to define __stub macros and hopefully few prototypes,
    which can conflict with char snprintb_m (); below.  */
#include <assert.h>
/* Override any gcc2 internal prototype to avoid an error.  */
#ifdef __cplusplus
extern "C"
#endif
/* We use char because int might match the return type of a gcc2
   builtin and then its argument prototype would still apply.  */
char snprintb_m ();
char (*f) ();

int
main ()
{
/* The GNU C library defines this for functions which it implements
    to always fail with ENOSYS.  Some functions are actually named
    something starting with __ and the normal name is an alias.  */
#if defined (__stub_snprintb_m) || defined (__stub___snprintb_m)
choke me
#else
f = snprintb_m;
#endif

  ;
  return 0;
}
configure:5110: result: no
configure:5054: checking for snprintf
configure:5091: cc -o conftest -O   conftest.c -lz  >&5
configure:5070:6: warning: conflicting types for built-in function 'snprintf' [-Wbuiltin-declaration-mismatch]
    builtin and then its argument prototype would still apply.  */
      ^~~~~~~~
configure:5094: $? = 0
configure:5097: test -s conftest
configure:5100: $? = 0
configure:5110: result: yes
configure:5054: checking for strlcat
configure:5091: cc -o conftest -O   conftest.c -lz  >&5
/usr/bin/ld: /tmp/cc7prqIs.o: in function `main':
conftest.c:(.text+0x3): undefined reference to `strlcat'
collect2: error: ld returned 1 exit status
configure:5094: $? = 1
configure: failed program was:
#line 5060 "configure"
#include "confdefs.h"
/* System header to define __stub macros and hopefully few prototypes,
    which can conflict with char strlcat (); below.  */
#include <assert.h>
/* Override any gcc2 internal prototype to avoid an error.  */
#ifdef __cplusplus
extern "C"
#endif
/* We use char because int might match the return type of a gcc2
   builtin and then its argument prototype would still apply.  */
char strlcat ();
char (*f) ();

int
main ()
{
/* The GNU C library defines this for functions which it implements
    to always fail with ENOSYS.  Some functions are actually named
    something starting with __ and the normal name is an alias.  */
#if defined (__stub_strlcat) || defined (__stub___strlcat)
choke me
#else
f = strlcat;
#endif

  ;
  return 0;
}
configure:5110: result: no
configure:5054: checking for strlcpy
configure:5091: cc -o conftest -O   conftest.c -lz  >&5
/usr/bin/ld: /tmp/cctGgzmQ.o: in function `main':
conftest.c:(.text+0x3): undefined reference to `strlcpy'
collect2: error: ld returned 1 exit status
configure:5094: $? = 1
configure: failed program was:
#line 5060 "configure"
#include "confdefs.h"
/* System header to define __stub macros and hopefully few prototypes,
    which can conflict with char strlcpy (); below.  */
#include <assert.h>
/* Override any gcc2 internal prototype to avoid an error.  */
#ifdef __cplusplus
extern "C"
#endif
/* We use char because int might match the return type of a gcc2
   builtin and then its argument prototype would still apply.  */
char strlcpy ();
char (*f) ();

int
main ()
{
/* The GNU C library defines this for functions which it implements
    to always fail with ENOSYS.  Some functions are actually named
    something starting with __ and the normal name is an alias.  */
#if defined (__stub_strlcpy) || defined (__stub___strlcpy)
choke me
#else
f = strlcpy;
#endif

  ;
  return 0;
}
configure:5110: result: no
configure:5054: checking for strmode
configure:5091: cc -o conftest -O   conftest.c -lz  >&5
/usr/bin/ld: /tmp/ccrH5igb.o: in function `main':
conftest.c:(.text+0x3): undefined reference to `strmode'
collect2: error: ld returned 1 exit status
configure:5094: $? = 1
configure: failed program was:
#line 5060 "configure"
#include "confdefs.h"
/* System header to define __stub macros and hopefully few prototypes,
    which can conflict with char strmode (); below.  */
#include <assert.h>
/* Override any gcc2 internal prototype to avoid an error.  */
#ifdef __cplusplus
extern "C"
#endif
/* We use char because int might match the return type of a gcc2
   builtin and then its argument prototype would still apply.  */
char strmode ();
char (*f) ();

int
main ()
{
/* The GNU C library defines this for functions which it implements
    to always fail with ENOSYS.  Some functions are actually named
    something starting with __ and the normal name is an alias.  */
#if defined (__stub_strmode) || defined (__stub___strmode)
choke me
#else
f = strmode;
#endif

  ;
  return 0;
}
configure:5110: result: no
configure:5054: checking for strndup
configure:5091: cc -o conftest -O   conftest.c -lz  >&5
configure:5070:6: warning: conflicting types for built-in function 'strndup' [-Wbuiltin-declaration-mismatch]
    builtin and then its argument prototype would still apply.  */
      ^~~~~~~
configure:5094: $? = 0
configure:5097: test -s conftest
configure:5100: $? = 0
configure:5110: result: yes
configure:5054: checking for strnlen
configure:5091: cc -o conftest -O   conftest.c -lz  >&5
configure:5094: $? = 0
configure:5097: test -s conftest
configure:5100: $? = 0
configure:5110: result: yes
configure:5054: checking for strsep
configure:5091: cc -o conftest -O   conftest.c -lz  >&5
configure:5094: $? = 0
configure:5097: test -s conftest
configure:5100: $? = 0
configure:5110: result: yes
configure:5054: checking for strsuftoll
configure:5091: cc -o conftest -O   conftest.c -lz  >&5
/usr/bin/ld: /tmp/ccNz93yZ.o: in function `main':
conftest.c:(.text+0x3): undefined reference to `strsuftoll'
collect2: error: ld returned 1 exit status
configure:5094: $? = 1
configure: failed program was:
#line 5060 "configure"
#include "confdefs.h"
/* System header to define __stub macros and hopefully few prototypes,
    which can conflict with char strsuftoll (); below.  */
#include <assert.h>
/* Override any gcc2 internal prototype to avoid an error.  */
#ifdef __cplusplus
extern "C"
#endif
/* We use char because int might match the return type of a gcc2
   builtin and then its argument prototype would still apply.  */
char strsuftoll ();
char (*f) ();

int
main ()
{
/* The GNU C library defines this for functions which it implements
    to always fail with ENOSYS.  Some functions are actually named
    something starting with __ and the normal name is an alias.  */
#if defined (__stub_strsuftoll) || defined (__stub___strsuftoll)
choke me
#else
f = strsuftoll;
#endif

  ;
  return 0;
}
configure:5110: result: no
configure:5054: checking for strtoi
configure:5091: cc -o conftest -O   conftest.c -lz  >&5
/usr/bin/ld: /tmp/cc1VCdYl.o: in function `main':
conftest.c:(.text+0x3): undefined reference to `strtoi'
collect2: error: ld returned 1 exit status
configure:5094: $? = 1
configure: failed program was:
#line 5060 "configure"
#include "confdefs.h"
/* System header to define __stub macros and hopefully few prototypes,
    which can conflict with char strtoi (); below.  */
#include <assert.h>
/* Override any gcc2 internal prototype to avoid an error.  */
#ifdef __cplusplus
extern "C"
#endif
/* We use char because int might match the return type of a gcc2
   builtin and then its argument prototype would still apply.  */
char strtoi ();
char (*f) ();

int
main ()
{
/* The GNU C library defines this for functions which it implements
    to always fail with ENOSYS.  Some functions are actually named
    something starting with __ and the normal name is an alias.  */
#if defined (__stub_strtoi) || defined (__stub___strtoi)
choke me
#else
f = strtoi;
#endif

  ;
  return 0;
}
configure:5110: result: no
configure:5054: checking for strtoll
configure:5091: cc -o conftest -O   conftest.c -lz  >&5
configure:5094: $? = 0
configure:5097: test -s conftest
configure:5100: $? = 0
configure:5110: result: yes
configure:5054: checking for strtou
configure:5091: cc -o conftest -O   conftest.c -lz  >&5
/usr/bin/ld: /tmp/ccR9Tnww.o: in function `main':
conftest.c:(.text+0x3): undefined reference to `strtou'
collect2: error: ld returned 1 exit status
configure:5094: $? = 1
configure: failed program was:
#line 5060 "configure"
#include "confdefs.h"
/* System header to define __stub macros and hopefully few prototypes,
    which can conflict with char strtou (); below.  */
#include <assert.h>
/* Override any gcc2 internal prototype to avoid an error.  */
#ifdef __cplusplus
extern "C"
#endif
/* We use char because int might match the return type of a gcc2
   builtin and then its argument prototype would still apply.  */
char strtou ();
char (*f) ();

int
main ()
{
/* The GNU C library defines this for functions which it implements
    to always fail with ENOSYS.  Some functions are actually named
    something starting with __ and the normal name is an alias.  */
#if defined (__stub_strtou) || defined (__stub___strtou)
choke me
#else
f = strtou;
#endif

  ;
  return 0;
}
configure:5110: result: no
configure:5054: checking for user_from_uid
configure:5091: cc -o conftest -O   conftest.c -lz  >&5
/usr/bin/ld: /tmp/ccr28ecR.o: in function `main':
conftest.c:(.text+0x3): undefined reference to `user_from_uid'
collect2: error: ld returned 1 exit status
configure:5094: $? = 1
configure: failed program was:
#line 5060 "configure"
#include "confdefs.h"
/* System header to define __stub macros and hopefully few prototypes,
    which can conflict with char user_from_uid (); below.  */
#include <assert.h>
/* Override any gcc2 internal prototype to avoid an error.  */
#ifdef __cplusplus
extern "C"
#endif
/* We use char because int might match the return type of a gcc2
   builtin and then its argument prototype would still apply.  */
char user_from_uid ();
char (*f) ();

int
main ()
{
/* The GNU C library defines this for functions which it implements
    to always fail with ENOSYS.  Some functions are actually named
    something starting with __ and the normal name is an alias.  */
#if defined (__stub_user_from_uid) || defined (__stub___user_from_uid)
choke me
#else
f = user_from_uid;
#endif

  ;
  return 0;
}
configure:5110: result: no
configure:5054: checking for uid_from_user
configure:5091: cc -o conftest -O   conftest.c -lz  >&5
/usr/bin/ld: /tmp/ccqzhyJg.o: in function `main':
conftest.c:(.text+0x3): undefined reference to `uid_from_user'
collect2: error: ld returned 1 exit status
configure:5094: $? = 1
configure: failed program was:
#line 5060 "configure"
#include "confdefs.h"
/* System header to define __stub macros and hopefully few prototypes,
    which can conflict with char uid_from_user (); below.  */
#include <assert.h>
/* Override any gcc2 internal prototype to avoid an error.  */
#ifdef __cplusplus
extern "C"
#endif
/* We use char because int might match the return type of a gcc2
   builtin and then its argument prototype would still apply.  */
char uid_from_user ();
char (*f) ();

int
main ()
{
/* The GNU C library defines this for functions which it implements
    to always fail with ENOSYS.  Some functions are actually named
    something starting with __ and the normal name is an alias.  */
#if defined (__stub_uid_from_user) || defined (__stub___uid_from_user)
choke me
#else
f = uid_from_user;
#endif

  ;
  return 0;
}
configure:5110: result: no
configure:5054: checking for vasprintf
configure:5091: cc -o conftest -O   conftest.c -lz  >&5
configure:5094: $? = 0
configure:5097: test -s conftest
configure:5100: $? = 0
configure:5110: result: yes
configure:5054: checking for vasnprintf
configure:5091: cc -o conftest -O   conftest.c -lz  >&5
/usr/bin/ld: /tmp/ccl0jLkD.o: in function `main':
conftest.c:(.text+0x3): undefined reference to `vasnprintf'
collect2: error: ld returned 1 exit status
configure:5094: $? = 1
configure: failed program was:
#line 5060 "configure"
#include "confdefs.h"
/* System header to define __stub macros and hopefully few prototypes,
    which can conflict with char vasnprintf (); below.  */
#include <assert.h>
/* Override any gcc2 internal prototype to avoid an error.  */
#ifdef __cplusplus
extern "C"
#endif
/* We use char because int might match the return type of a gcc2
   builtin and then its argument prototype would still apply.  */
char vasnprintf ();
char (*f) ();

int
main ()
{
/* The GNU C library defines this for functions which it implements
    to always fail with ENOSYS.  Some functions are actually named
    something starting with __ and the normal name is an alias.  */
#if defined (__stub_vasnprintf) || defined (__stub___vasnprintf)
choke me
#else
f = vasnprintf;
#endif

  ;
  return 0;
}
configure:5110: result: no
configure:5054: checking for vsnprintf
configure:5091: cc -o conftest -O   conftest.c -lz  >&5
configure:5070:6: warning: conflicting types for built-in function 'vsnprintf' [-Wbuiltin-declaration-mismatch]
    builtin and then its argument prototype would still apply.  */
      ^~~~~~~~~
configure:5094: $? = 0
configure:5097: test -s conftest
configure:5100: $? = 0
configure:5110: result: yes
configure:5120: checking whether user_from_uid is declared
configure:5143: cc -c -O  conftest.c >&5
configure: In function 'main':
configure:5134:22: error: 'user_from_uid' undeclared (first use in this function)
 #ifndef user_from_uid
                      ^            
configure:5134:22: note: each undeclared identifier is reported only once for each function it appears in
configure:5146: $? = 1
configure: failed program was:
#line 5126 "configure"
#include "confdefs.h"

#include <pwd.h>

int
main ()
{
#ifndef user_from_uid
  char *p = (char *) user_from_uid;
#endif

  ;
  return 0;
}
configure:5162: result: no
configure:5176: checking whether uid_from_user is declared
configure:5199: cc -c -O  conftest.c >&5
configure: In function 'main':
configure:5190:22: error: 'uid_from_user' undeclared (first use in this function)
 #ifndef uid_from_user
                      ^            
configure:5190:22: note: each undeclared identifier is reported only once for each function it appears in
configure:5202: $? = 1
configure: failed program was:
#line 5182 "configure"
#include "confdefs.h"

#include <pwd.h>

int
main ()
{
#ifndef uid_from_user
  char *p = (char *) uid_from_user;
#endif

  ;
  return 0;
}
configure:5218: result: no
configure:5232: checking whether pwcache_userdb is declared
configure:5255: cc -c -O  conftest.c >&5
configure: In function 'main':
configure:5246:22: error: 'pwcache_userdb' undeclared (first use in this function)
 #ifndef pwcache_userdb
                      ^             
configure:5246:22: note: each undeclared identifier is reported only once for each function it appears in
configure:5258: $? = 1
configure: failed program was:
#line 5238 "configure"
#include "confdefs.h"

#include <pwd.h>

int
main ()
{
#ifndef pwcache_userdb
  char *p = (char *) pwcache_userdb;
#endif

  ;
  return 0;
}
configure:5274: result: no
configure:5289: checking whether group_from_gid is declared
configure:5312: cc -c -O  conftest.c >&5
configure: In function 'main':
configure:5303:22: error: 'group_from_gid' undeclared (first use in this function)
 #ifndef group_from_gid
                      ^             
configure:5303:22: note: each undeclared identifier is reported only once for each function it appears in
configure:5315: $? = 1
configure: failed program was:
#line 5295 "configure"
#include "confdefs.h"

#include <grp.h>

int
main ()
{
#ifndef group_from_gid
  char *p = (char *) group_from_gid;
#endif

  ;
  return 0;
}
configure:5331: result: no
configure:5345: checking whether gid_from_group is declared
configure:5368: cc -c -O  conftest.c >&5
configure: In function 'main':
configure:5359:22: error: 'gid_from_group' undeclared (first use in this function)
 #ifndef gid_from_group
                      ^             
configure:5359:22: note: each undeclared identifier is reported only once for each function it appears in
configure:5371: $? = 1
configure: failed program was:
#line 5351 "configure"
#include "confdefs.h"

#include <grp.h>

int
main ()
{
#ifndef gid_from_group
  char *p = (char *) gid_from_group;
#endif

  ;
  return 0;
}
configure:5387: result: no
configure:5401: checking whether pwcache_groupdb is declared
configure:5424: cc -c -O  conftest.c >&5
configure: In function 'main':
configure:5415:22: error: 'pwcache_groupdb' undeclared (first use in this function)
 #ifndef pwcache_groupdb
                      ^~             
configure:5415:22: note: each undeclared identifier is reported only once for each function it appears in
configure:5427: $? = 1
configure: failed program was:
#line 5407 "configure"
#include "confdefs.h"

#include <grp.h>

int
main ()
{
#ifndef pwcache_groupdb
  char *p = (char *) pwcache_groupdb;
#endif

  ;
  return 0;
}
configure:5443: result: no
configure:5458: checking whether strndup is declared
configure:5480: cc -c -O  conftest.c >&5
configure:5483: $? = 0
configure:5486: test -s conftest.o
configure:5489: $? = 0
configure:5499: result: yes
configure:5513: checking whether strnlen is declared
configure:5535: cc -c -O  conftest.c >&5
configure:5538: $? = 0
configure:5541: test -s conftest.o
configure:5544: $? = 0
configure:5554: result: yes
configure:5569: checking whether strsuftoll is declared
configure:5591: cc -c -O  conftest.c >&5
configure: In function 'main':
configure:5582:22: error: 'strsuftoll' undeclared (first use in this function); did you mean 'strtoll'?
 #ifndef strsuftoll
                      ^         
                      strtoll
configure:5582:22: note: each undeclared identifier is reported only once for each function it appears in
configure:5594: $? = 1
configure: failed program was:
#line 5575 "configure"
#include "confdefs.h"
#include <stdlib.h>

int
main ()
{
#ifndef strsuftoll
  char *p = (char *) strsuftoll;
#endif

  ;
  return 0;
}
configure:5610: result: no
configure:5625: checking whether lchflags is declared
configure:5649: cc -c -O  conftest.c >&5
configure: In function 'main':
configure:5640:22: error: 'lchflags' undeclared (first use in this function)
 #ifndef lchflags
                      ^       
configure:5640:22: note: each undeclared identifier is reported only once for each function it appears in
configure:5652: $? = 1
configure: failed program was:
#line 5631 "configure"
#include "confdefs.h"

#include <sys/stat.h>
#include <unistd.h>

int
main ()
{
#ifndef lchflags
  char *p = (char *) lchflags;
#endif

  ;
  return 0;
}
configure:5668: result: no
configure:5682: checking whether lchmod is declared
configure:5706: cc -c -O  conftest.c >&5
configure:5709: $? = 0
configure:5712: test -s conftest.o
configure:5715: $? = 0
configure:5725: result: yes
configure:5739: checking whether lchown is declared
configure:5763: cc -c -O  conftest.c >&5
configure:5766: $? = 0
configure:5769: test -s conftest.o
configure:5772: $? = 0
configure:5782: result: yes
configure:5797: checking whether errc is declared
configure:5822: cc -c -O  conftest.c >&5
configure: In function 'main':
configure:5813:22: error: 'errc' undeclared (first use in this function); did you mean 'errx'?
 #ifndef errc
                      ^   
                      errx
configure:5813:22: note: each undeclared identifier is reported only once for each function it appears in
configure:5825: $? = 1
configure: failed program was:
#line 5803 "configure"
#include "confdefs.h"

#ifdef HAVE_ERR_H
#include <err.h>
#endif

int
main ()
{
#ifndef errc
  char *p = (char *) errc;
#endif

  ;
  return 0;
}
configure:5841: result: no
configure:5855: checking whether verrc is declared
configure:5880: cc -c -O  conftest.c >&5
configure: In function 'main':
configure:5871:22: error: 'verrc' undeclared (first use in this function); did you mean 'verrx'?
 #ifndef verrc
                      ^    
                      verrx
configure:5871:22: note: each undeclared identifier is reported only once for each function it appears in
configure:5883: $? = 1
configure: failed program was:
#line 5861 "configure"
#include "confdefs.h"

#ifdef HAVE_ERR_H
#include <err.h>
#endif

int
main ()
{
#ifndef verrc
  char *p = (char *) verrc;
#endif

  ;
  return 0;
}
configure:5899: result: no
configure:5913: checking whether warnc is declared
configure:5938: cc -c -O  conftest.c >&5
configure: In function 'main':
configure:5929:22: error: 'warnc' undeclared (first use in this function); did you mean 'warnx'?
 #ifndef warnc
                      ^    
                      warnx
configure:5929:22: note: each undeclared identifier is reported only once for each function it appears in
configure:5941: $? = 1
configure: failed program was:
#line 5919 "configure"
#include "confdefs.h"

#ifdef HAVE_ERR_H
#include <err.h>
#endif

int
main ()
{
#ifndef warnc
  char *p = (char *) warnc;
#endif

  ;
  return 0;
}
configure:5957: result: no
configure:5971: checking whether vwarnc is declared
configure:5996: cc -c -O  conftest.c >&5
